<?xml version="1.0" encoding="UTF-8"?>
<!-- Generated by org.testng.reporters.JUnitReportReporter -->
<testsuite skipped="1" hostname="DESKTOP-UQS6Q4I" name="Application.GoogleExtensions_Test" tests="2" failures="0" timestamp="06 Jun 2018 01:23:41 GMT" time="30.255" errors="0">
  <testcase name="TC003_CheckSettingDetails" time="30.255" classname="Application.GoogleExtensions_Test"/>
  <testcase name="TC001_CheckSearchBox" classname="Application.GoogleExtensions_Test">
    <skipped/>
  </testcase> <!-- TC001_CheckSearchBox -->
</testsuite> <!-- Application.GoogleExtensions_Test -->
